{
  "RSpec": {
    "coverage": {
      "/Users/cydkyd/turing/2mod/lotus_flower_bomb/config/environment.rb": {
        "lines": [
          null,
          1,
          null,
          null,
          1
        ]
      },
      "/Users/cydkyd/turing/2mod/lotus_flower_bomb/config/application.rb": {
        "lines": [
          1,
          null,
          1,
          null,
          1,
          1,
          1,
          1,
          1,
          1,
          1,
          1,
          1,
          null,
          null,
          null,
          null,
          1,
          null,
          1,
          1,
          null,
          1,
          null,
          null,
          null,
          null,
          null,
          null,
          null,
          1,
          null,
          null
        ]
      },
      "/Users/cydkyd/turing/2mod/lotus_flower_bomb/config/boot.rb": {
        "lines": [
          1,
          null,
          1,
          1
        ]
      },
      "/Users/cydkyd/turing/2mod/lotus_flower_bomb/config/environments/test.rb": {
        "lines": [
          1,
          null,
          null,
          null,
          null,
          null,
          null,
          1,
          null,
          null,
          null,
          null,
          1,
          null,
          null,
          1,
          1,
          null,
          null,
          null,
          null,
          1,
          1,
          null,
          null,
          1,
          null,
          null,
          1,
          null,
          null,
          1,
          null,
          1,
          null,
          null,
          null,
          null,
          1,
          null,
          null,
          1,
          null,
          null,
          null,
          null
        ]
      },
      "/Users/cydkyd/turing/2mod/lotus_flower_bomb/config/initializers/application_controller_renderer.rb": {
        "lines": [
          null,
          null,
          null,
          null,
          null,
          null,
          null,
          null
        ]
      },
      "/Users/cydkyd/turing/2mod/lotus_flower_bomb/config/initializers/assets.rb": {
        "lines": [
          null,
          null,
          null,
          1,
          null,
          null,
          null,
          null,
          1,
          null,
          null,
          null,
          null,
          null
        ]
      },
      "/Users/cydkyd/turing/2mod/lotus_flower_bomb/config/initializers/backtrace_silencers.rb": {
        "lines": [
          null,
          null,
          null,
          null,
          null,
          null,
          null
        ]
      },
      "/Users/cydkyd/turing/2mod/lotus_flower_bomb/config/initializers/content_security_policy.rb": {
        "lines": [
          null,
          null,
          null,
          null,
          null,
          null,
          null,
          null,
          null,
          null,
          null,
          null,
          null,
          null,
          null,
          null,
          null,
          null,
          null,
          null,
          null,
          null,
          null,
          null,
          null
        ]
      },
      "/Users/cydkyd/turing/2mod/lotus_flower_bomb/config/initializers/cookies_serializer.rb": {
        "lines": [
          null,
          null,
          null,
          null,
          1
        ]
      },
      "/Users/cydkyd/turing/2mod/lotus_flower_bomb/config/initializers/filter_parameter_logging.rb": {
        "lines": [
          null,
          null,
          null,
          1
        ]
      },
      "/Users/cydkyd/turing/2mod/lotus_flower_bomb/config/initializers/inflections.rb": {
        "lines": [
          null,
          null,
          null,
          null,
          null,
          null,
          null,
          null,
          null,
          null,
          null,
          null,
          null,
          null,
          null,
          null
        ]
      },
      "/Users/cydkyd/turing/2mod/lotus_flower_bomb/config/initializers/mime_types.rb": {
        "lines": [
          null,
          null,
          null,
          null
        ]
      },
      "/Users/cydkyd/turing/2mod/lotus_flower_bomb/config/initializers/wrap_parameters.rb": {
        "lines": [
          null,
          null,
          null,
          null,
          null,
          null,
          1,
          2,
          null,
          null,
          null,
          null,
          null,
          null
        ]
      },
      "/Users/cydkyd/turing/2mod/lotus_flower_bomb/spec/factories/boba_tea_requests.rb": {
        "lines": [
          1,
          1,
          1,
          1,
          null,
          null
        ]
      },
      "/Users/cydkyd/turing/2mod/lotus_flower_bomb/spec/factories/boba_teas.rb": {
        "lines": [
          1,
          1,
          1,
          11,
          11,
          11,
          11,
          11,
          11,
          null,
          null
        ]
      },
      "/Users/cydkyd/turing/2mod/lotus_flower_bomb/spec/factories/requests.rb": {
        "lines": [
          1,
          1,
          11,
          11,
          11,
          11,
          11,
          11,
          11,
          null,
          null
        ]
      },
      "/Users/cydkyd/turing/2mod/lotus_flower_bomb/spec/factories/teahouses.rb": {
        "lines": [
          1,
          1,
          17,
          17,
          17,
          17,
          17,
          null,
          null
        ]
      },
      "/Users/cydkyd/turing/2mod/lotus_flower_bomb/config/routes.rb": {
        "lines": [
          1,
          null,
          null
        ]
      },
      "/Users/cydkyd/turing/2mod/lotus_flower_bomb/app/helpers/application_helper.rb": {
        "lines": [
          1,
          null
        ]
      },
      "/Users/cydkyd/turing/2mod/lotus_flower_bomb/app/models/boba_tea_request.rb": {
        "lines": [
          1,
          1,
          1,
          null
        ]
      },
      "/Users/cydkyd/turing/2mod/lotus_flower_bomb/app/models/application_record.rb": {
        "lines": [
          1,
          1,
          null
        ]
      },
      "/Users/cydkyd/turing/2mod/lotus_flower_bomb/spec/models/boba_tea_spec.rb": {
        "lines": [
          1,
          null,
          1,
          1,
          8,
          null,
          null,
          1,
          2,
          2,
          2,
          2,
          2,
          null,
          null,
          1,
          2,
          2,
          2,
          null,
          null
        ]
      },
      "/Users/cydkyd/turing/2mod/lotus_flower_bomb/app/models/boba_tea.rb": {
        "lines": [
          1,
          1,
          1,
          1,
          null,
          1,
          1,
          null
        ]
      },
      "/Users/cydkyd/turing/2mod/lotus_flower_bomb/spec/models/request_spec.rb": {
        "lines": [
          1,
          null,
          1,
          1,
          8,
          null,
          null,
          1,
          2,
          2,
          2,
          2,
          2,
          2,
          null,
          null,
          1,
          2,
          2,
          null,
          null
        ]
      },
      "/Users/cydkyd/turing/2mod/lotus_flower_bomb/app/models/request.rb": {
        "lines": [
          1,
          1,
          1,
          1,
          1,
          null
        ]
      },
      "/Users/cydkyd/turing/2mod/lotus_flower_bomb/spec/models/teahouse_spec.rb": {
        "lines": [
          1,
          null,
          1,
          1,
          6,
          null,
          null,
          1,
          2,
          2,
          2,
          2,
          2,
          null,
          null,
          1,
          2,
          null,
          null
        ]
      },
      "/Users/cydkyd/turing/2mod/lotus_flower_bomb/app/models/teahouse.rb": {
        "lines": [
          1,
          1,
          1,
          null
        ]
      }
    },
    "timestamp": 1608326291
  }
}
